<?xml version="1.0" encoding="UTF-8"?>
<!-- Generated by org.testng.reporters.JUnitReportReporter -->
<testsuite skipped="0" hostname="DESKTOP-2UFI9RP" name="TestLoginLMS.TestLoginLMS" tests="1" failures="0" timestamp="2020-06-19T21:44:24 ICT" time="12.050" errors="0">
  <testcase name="f" time="12.050" classname="TestLoginLMS.TestLoginLMS"/>
  <system-out/>
</testsuite> <!-- TestLoginLMS.TestLoginLMS -->
