<?xml version="1.0" encoding="UTF-8"?>
<!-- Generated by org.testng.reporters.JUnitReportReporter -->
<testsuite skipped="0" hostname="DESKTOP-2UFI9RP" name="TestLoginLMS.DemoLoginAP" tests="3" failures="0" timestamp="2020-06-21T08:27:36 ICT" time="5.843" errors="0">
  <testcase name="lauchWeb" time="1.078" classname="TestLoginLMS.DemoLoginAP"/>
  <system-out/>
  <testcase name="fillLoginDetail" time="3.601" classname="TestLoginLMS.DemoLoginAP"/>
  <system-out/>
  <testcase name="DoLogin" time="1.164" classname="TestLoginLMS.DemoLoginAP"/>
  <system-out/>
</testsuite> <!-- TestLoginLMS.DemoLoginAP -->
