<?xml version="1.0" encoding="UTF-8"?>
<!-- Generated by org.testng.reporters.JUnitReportReporter -->
<testsuite skipped="0" hostname="DESKTOP-2UFI9RP" name="TestLoginLMS.TestLoginAP" tests="1" failures="0" timestamp="2020-06-21T08:45:27 ICT" time="8.716" errors="0">
  <testcase name="f" time="8.716" classname="TestLoginLMS.TestLoginAP"/>
  <system-out/>
</testsuite> <!-- TestLoginLMS.TestLoginAP -->
