<?xml version="1.0" encoding="UTF-8"?>
<!-- Generated by org.testng.reporters.JUnitReportReporter -->
<testsuite skipped="0" hostname="DESKTOP-2UFI9RP" name="TestLoginLMS.NewTest" tests="1" failures="0" timestamp="2020-06-21T08:38:31 ICT" time="4.961" errors="0">
  <testcase name="verify" time="4.961" classname="TestLoginLMS.NewTest"/>
  <system-out/>
</testsuite> <!-- TestLoginLMS.NewTest -->
